<?xml version="1.0" encoding="UTF-8"?>
<!-- Generated by org.testng.reporters.JUnitXMLReporter -->
<testsuite ignored="2" hostname="LAPTOP-IJKL4ONC" failures="0" tests="5" name="Test" time="167.258" errors="0" timestamp="2023-12-07T12:19:07 GMT">
  <testcase classname="testcase.LoginPage" name="loginWithoutCredentials" time="0.12"/>
  <testcase classname="testcase.LoginPage" name="loginWithoutPassword" time="0.787"/>
  <testcase classname="testcase.LoginPage" name="loginWithoutUsername" time="6.775"/>
  <testcase classname="testcase.LoginPage" name="forgotPasswordLink" time="133.778"/>
  <testcase classname="testcase.LoginPage" name="login" time="15.228"/>
  <testcase classname="base.BaseTest" name="@AfterTest tearDown" time="0.0">
    <ignored/>
  </testcase> <!-- @AfterTest tearDown -->
  <testcase classname="base.BaseTest" name="@BeforeTest setUp" time="0.0">
    <ignored/>
  </testcase> <!-- @BeforeTest setUp -->
</testsuite> <!-- Test -->
