<?xml version="1.0" encoding="UTF-8"?>
<testng-results ignored="0" total="5" passed="5" failed="0" skipped="0">
  <reporter-output>
  </reporter-output>
  <suite started-at="2023-12-07T12:16:19 GMT" name="Suite" finished-at="2023-12-07T12:19:07 GMT" duration-ms="167258">
    <groups>
      <group name="OPAA-TC-228">
        <method signature="LoginPage.forgotPasswordLink()[pri:4, instance:testcase.LoginPage@73a1e9a9]" name="forgotPasswordLink" class="testcase.LoginPage"/>
      </group> <!-- OPAA-TC-228 -->
      <group name="OPAA-TC-227">
        <method signature="LoginPage.login()[pri:5, instance:testcase.LoginPage@73a1e9a9]" name="login" class="testcase.LoginPage"/>
      </group> <!-- OPAA-TC-227 -->
      <group name="OPAA-TC-226">
        <method signature="LoginPage.loginWithoutUsername()[pri:3, instance:testcase.LoginPage@73a1e9a9]" name="loginWithoutUsername" class="testcase.LoginPage"/>
      </group> <!-- OPAA-TC-226 -->
      <group name="OPAA-TC-225">
        <method signature="LoginPage.loginWithoutPassword()[pri:2, instance:testcase.LoginPage@73a1e9a9]" name="loginWithoutPassword" class="testcase.LoginPage"/>
      </group> <!-- OPAA-TC-225 -->
      <group name="OPAA-TC-224">
        <method signature="LoginPage.loginWithoutCredentials()[pri:1, instance:testcase.LoginPage@73a1e9a9]" name="loginWithoutCredentials" class="testcase.LoginPage"/>
      </group> <!-- OPAA-TC-224 -->
    </groups>
    <test started-at="2023-12-07T12:16:19 GMT" name="Test" finished-at="2023-12-07T12:19:07 GMT" duration-ms="167258">
      <class name="testcase.LoginPage">
        <test-method is-config="true" signature="setUp()[pri:0, instance:testcase.LoginPage@73a1e9a9]" started-at="2023-12-07T12:16:19 GMT" name="setUp" finished-at="2023-12-07T12:16:30 GMT" duration-ms="10230" status="PASS">
          <reporter-output>
          </reporter-output>
        </test-method> <!-- setUp -->
        <test-method signature="loginWithoutCredentials()[pri:1, instance:testcase.LoginPage@73a1e9a9]" started-at="2023-12-07T12:16:30 GMT" name="loginWithoutCredentials" finished-at="2023-12-07T12:16:30 GMT" duration-ms="120" status="PASS">
          <reporter-output>
          </reporter-output>
        </test-method> <!-- loginWithoutCredentials -->
        <test-method signature="loginWithoutPassword()[pri:2, instance:testcase.LoginPage@73a1e9a9]" started-at="2023-12-07T12:16:30 GMT" name="loginWithoutPassword" finished-at="2023-12-07T12:16:31 GMT" duration-ms="787" status="PASS">
          <reporter-output>
          </reporter-output>
        </test-method> <!-- loginWithoutPassword -->
        <test-method signature="loginWithoutUsername()[pri:3, instance:testcase.LoginPage@73a1e9a9]" started-at="2023-12-07T12:16:31 GMT" name="loginWithoutUsername" finished-at="2023-12-07T12:16:37 GMT" duration-ms="6775" status="PASS">
          <reporter-output>
          </reporter-output>
        </test-method> <!-- loginWithoutUsername -->
        <test-method signature="forgotPasswordLink()[pri:4, instance:testcase.LoginPage@73a1e9a9]" started-at="2023-12-07T12:16:37 GMT" name="forgotPasswordLink" finished-at="2023-12-07T12:18:51 GMT" duration-ms="133778" status="PASS">
          <reporter-output>
          </reporter-output>
        </test-method> <!-- forgotPasswordLink -->
        <test-method signature="login()[pri:5, instance:testcase.LoginPage@73a1e9a9]" started-at="2023-12-07T12:18:51 GMT" name="login" finished-at="2023-12-07T12:19:06 GMT" duration-ms="15228" status="PASS">
          <reporter-output>
          </reporter-output>
        </test-method> <!-- login -->
        <test-method is-config="true" signature="tearDown()[pri:0, instance:testcase.LoginPage@73a1e9a9]" started-at="2023-12-07T12:19:06 GMT" name="tearDown" finished-at="2023-12-07T12:19:07 GMT" duration-ms="295" status="PASS">
          <reporter-output>
          </reporter-output>
        </test-method> <!-- tearDown -->
      </class> <!-- testcase.LoginPage -->
    </test> <!-- Test -->
  </suite> <!-- Suite -->
</testng-results>
